<!DOCTYPE html PUBLIC "-//W3C//DTD XHTML 1.1//EN" "http://www.w3.org/TR/xhtml11/DTD/xhtml11.dtd">
<html xmlns="http://www.w3.org/1999/xhtml"><head><title>TestNG Report</title><style type="text/css">table {margin-bottom:10px;border-collapse:collapse;empty-cells:show}th,td {border:1px solid #009;padding:.25em .5em}th {vertical-align:bottom}td {vertical-align:top}table a {font-weight:bold}.stripe td {background-color: #E6EBF9}.num {text-align:right}.passedodd td {background-color: #3F3}.passedeven td {background-color: #0A0}.skippedodd td {background-color: #DDD}.skippedeven td {background-color: #CCC}.failedodd td,.attn {background-color: #F33}.failedeven td,.stripe .attn {background-color: #D00}.stacktrace {white-space:pre;font-family:monospace}.totop {font-size:85%;text-align:center;border-bottom:2px solid #000}</style></head><body><table><tr><th>Test</th><th># Passed</th><th># Skipped</th><th># Failed</th><th>Time (ms)</th><th>Included Groups</th><th>Excluded Groups</th></tr><tr><th colspan="7">TestSuite</th></tr><tr><td><a href="#t0">ChromeTest</a></td><td class="num">7</td><td class="num">0</td><td class="num attn">3</td><td class="num">963.724</td><td></td><td></td></tr><tr class="stripe"><td><a href="#t1">FirefoxTest</a></td><td class="num">9</td><td class="num">0</td><td class="num attn">1</td><td class="num">837.045</td><td></td><td></td></tr><tr><th>Total</th><th class="num">16</th><th class="num">0</th><th class="num attn">4</th><th class="num">1.800.769</th><th colspan="2"></th></tr></table><table id='summary'><thead><tr><th>Class</th><th>Method</th><th>Start</th><th>Time (ms)</th></tr></thead><tbody><tr><th colspan="4">TestSuite</th></tr></tbody><tbody id="t0"><tr><th colspan="4">ChromeTest &#8212; failed</th></tr><tr class="failedeven"><td rowspan="3">infoColeTest.ComentarioTest</td><td><a href="#m0">deleteComment</a></td><td rowspan="1">1545079331551</td><td rowspan="1">14382</td></tr><tr class="failedeven"><td><a href="#m1">editComment</a></td><td rowspan="1">1545079417783</td><td rowspan="1">21462</td></tr><tr class="failedeven"><td><a href="#m2">editNews</a></td><td rowspan="1">1545079499581</td><td rowspan="1">10154</td></tr><tr><th colspan="4">ChromeTest &#8212; passed</th></tr><tr class="passedeven"><td rowspan="7">infoColeTest.ComentarioTest</td><td><a href="#m3">authenticationAdmin</a></td><td rowspan="1">1545078668066</td><td rowspan="1">6168</td></tr><tr class="passedeven"><td><a href="#m4">authenticationUser</a></td><td rowspan="1">1545078773336</td><td rowspan="1">13195</td></tr><tr class="passedeven"><td><a href="#m5">authenticationUserWithoutEmail</a></td><td rowspan="1">1545078866166</td><td rowspan="1">4554</td></tr><tr class="passedeven"><td><a href="#m6">authenticationUserWithoutUserName</a></td><td rowspan="1">1545078945799</td><td rowspan="1">5292</td></tr><tr class="passedeven"><td><a href="#m7">createComments</a></td><td rowspan="1">1545079224525</td><td rowspan="1">23817</td></tr><tr class="passedeven"><td><a href="#m8">createNews</a></td><td rowspan="1">1545079012932</td><td rowspan="1">53885</td></tr><tr class="passedeven"><td><a href="#m9">deleteUser</a></td><td rowspan="1">1545079141462</td><td rowspan="1">11732</td></tr></tbody><tbody id="t1"><tr><th colspan="4">FirefoxTest &#8212; failed</th></tr><tr class="failedeven"><td rowspan="1">infoColeTest.ComentarioTest</td><td><a href="#m10">deleteComment</a></td><td rowspan="1">1545080205546</td><td rowspan="1">7877</td></tr><tr><th colspan="4">FirefoxTest &#8212; passed</th></tr><tr class="passedeven"><td rowspan="9">infoColeTest.ComentarioTest</td><td><a href="#m11">authenticationAdmin</a></td><td rowspan="1">1545079632922</td><td rowspan="1">10205</td></tr><tr class="passedeven"><td><a href="#m12">authenticationUser</a></td><td rowspan="1">1545079712072</td><td rowspan="1">9578</td></tr><tr class="passedeven"><td><a href="#m13">authenticationUserWithoutEmail</a></td><td rowspan="1">1545079786758</td><td rowspan="1">2799</td></tr><tr class="passedeven"><td><a href="#m14">authenticationUserWithoutUserName</a></td><td rowspan="1">1545079896101</td><td rowspan="1">2736</td></tr><tr class="passedeven"><td><a href="#m15">createComments</a></td><td rowspan="1">1545080117328</td><td rowspan="1">13887</td></tr><tr class="passedeven"><td><a href="#m16">createNews</a></td><td rowspan="1">1545079964305</td><td rowspan="1">15639</td></tr><tr class="passedeven"><td><a href="#m17">deleteUser</a></td><td rowspan="1">1545080038852</td><td rowspan="1">6803</td></tr><tr class="passedeven"><td><a href="#m18">editComment</a></td><td rowspan="1">1545080280828</td><td rowspan="1">14583</td></tr><tr class="passedeven"><td><a href="#m19">editNews</a></td><td rowspan="1">1545080364164</td><td rowspan="1">15314</td></tr></tbody></table><h2>ChromeTest</h2><h3 id="m0">infoColeTest.ComentarioTest#deleteComment</h3><table class="result"><tr><th>Exception</th></tr><tr><td><div class="stacktrace">java.lang.AssertionError: expected [usuarioHSWd comentario de prueba Editado] but found [usuarioHSWd comentario de prueba]
	at infoColeTest.ComentarioTest.deleteComment(ComentarioTest.java:113)
	at java.util.concurrent.ThreadPoolExecutor.runWorker(ThreadPoolExecutor.java:1149)
	at java.util.concurrent.ThreadPoolExecutor$Worker.run(ThreadPoolExecutor.java:624)
	at java.lang.Thread.run(Thread.java:748)
... Removed 16 stack frames</div></td></tr></table><p class="totop"><a href="#summary">back to summary</a></p><h3 id="m1">infoColeTest.ComentarioTest#editComment</h3><table class="result"><tr><th>Exception</th></tr><tr><td><div class="stacktrace">java.lang.AssertionError: expected [usuarioHSWd comentario de prueba Editado] but found [usuarioHSWd comentario de prueba]
	at infoColeTest.ComentarioTest.editComment(ComentarioTest.java:100)
	at java.util.concurrent.ThreadPoolExecutor.runWorker(ThreadPoolExecutor.java:1149)
	at java.util.concurrent.ThreadPoolExecutor$Worker.run(ThreadPoolExecutor.java:624)
	at java.lang.Thread.run(Thread.java:748)
... Removed 16 stack frames</div></td></tr></table><p class="totop"><a href="#summary">back to summary</a></p><h3 id="m2">infoColeTest.ComentarioTest#editNews</h3><table class="result"><tr><th>Exception</th></tr><tr><td><div class="stacktrace">org.openqa.selenium.NoSuchElementException: no such element: Unable to locate element: {&quot;method&quot;:&quot;link text&quot;,&quot;selector&quot;:&quot;Noticias&quot;}
  (Session info: chrome=71.0.3578.98)
  (Driver info: chromedriver=70.0.3538.16 (16ed95b41bb05e565b11fb66ac33c660b721f778),platform=Windows NT 10.0.17134 x86_64) (WARNING: The server did not provide any stacktrace information)
Command duration or timeout: 0 milliseconds
For documentation on this error, please visit: http://seleniumhq.org/exceptions/no_such_element.html
Build info: version: &apos;3.14.0&apos;, revision: &apos;aacccce0&apos;, time: &apos;2018-08-02T20:19:58.91Z&apos;
System info: host: &apos;DESKTOP-18CQLR4&apos;, ip: &apos;192.168.0.109&apos;, os.name: &apos;Windows 10&apos;, os.arch: &apos;amd64&apos;, os.version: &apos;10.0&apos;, java.version: &apos;1.8.0_171&apos;
Driver info: org.openqa.selenium.chrome.ChromeDriver
Capabilities {acceptInsecureCerts: false, acceptSslCerts: false, applicationCacheEnabled: false, browserConnectionEnabled: false, browserName: chrome, chrome: {chromedriverVersion: 70.0.3538.16 (16ed95b41bb05..., userDataDir: C:\Users\maria\AppData\Loca...}, cssSelectorsEnabled: true, databaseEnabled: false, goog:chromeOptions: {debuggerAddress: localhost:55041}, handlesAlerts: true, hasTouchScreen: false, javascriptEnabled: true, locationContextEnabled: true, mobileEmulationEnabled: false, nativeEvents: true, networkConnectionEnabled: false, pageLoadStrategy: normal, platform: XP, platformName: XP, rotatable: false, setWindowRect: true, takesHeapSnapshot: true, takesScreenshot: true, unexpectedAlertBehaviour: , unhandledPromptBehavior: , version: 71.0.3578.98, webStorageEnabled: true}
Session ID: ba5d73313aff5191030783a3b529ad61
*** Element info: {Using=link text, value=Noticias}
	at org.openqa.selenium.remote.ErrorHandler.createThrowable(ErrorHandler.java:214)
	at org.openqa.selenium.remote.ErrorHandler.throwIfResponseFailed(ErrorHandler.java:166)
	at org.openqa.selenium.remote.http.JsonHttpResponseCodec.reconstructValue(JsonHttpResponseCodec.java:40)
	at org.openqa.selenium.remote.http.AbstractHttpResponseCodec.decode(AbstractHttpResponseCodec.java:80)
	at org.openqa.selenium.remote.http.AbstractHttpResponseCodec.decode(AbstractHttpResponseCodec.java:44)
	at org.openqa.selenium.remote.HttpCommandExecutor.execute(HttpCommandExecutor.java:158)
	at org.openqa.selenium.remote.service.DriverCommandExecutor.execute(DriverCommandExecutor.java:83)
	at org.openqa.selenium.remote.RemoteWebDriver.execute(RemoteWebDriver.java:548)
	at org.openqa.selenium.remote.RemoteWebDriver.findElement(RemoteWebDriver.java:322)
	at org.openqa.selenium.remote.RemoteWebDriver.findElementByLinkText(RemoteWebDriver.java:376)
	at org.openqa.selenium.By$ByLinkText.findElement(By.java:220)
	at org.openqa.selenium.remote.RemoteWebDriver.findElement(RemoteWebDriver.java:314)
	at org.openqa.selenium.support.pagefactory.DefaultElementLocator.findElement(DefaultElementLocator.java:69)
	at org.openqa.selenium.support.pagefactory.internal.LocatingElementHandler.invoke(LocatingElementHandler.java:38)
	at com.sun.proxy.$Proxy11.click(Unknown Source)
	at pages.HomePage.clickNewsButton(HomePage.java:68)
	at infoColeTest.ComentarioTest.editNews(ComentarioTest.java:170)
	at java.util.concurrent.ThreadPoolExecutor.runWorker(ThreadPoolExecutor.java:1149)
	at java.util.concurrent.ThreadPoolExecutor$Worker.run(ThreadPoolExecutor.java:624)
	at java.lang.Thread.run(Thread.java:748)
... Removed 14 stack frames</div></td></tr></table><p class="totop"><a href="#summary">back to summary</a></p><h3 id="m3">infoColeTest.ComentarioTest#authenticationAdmin</h3><table class="result"></table><p class="totop"><a href="#summary">back to summary</a></p><h3 id="m4">infoColeTest.ComentarioTest#authenticationUser</h3><table class="result"></table><p class="totop"><a href="#summary">back to summary</a></p><h3 id="m5">infoColeTest.ComentarioTest#authenticationUserWithoutEmail</h3><table class="result"></table><p class="totop"><a href="#summary">back to summary</a></p><h3 id="m6">infoColeTest.ComentarioTest#authenticationUserWithoutUserName</h3><table class="result"></table><p class="totop"><a href="#summary">back to summary</a></p><h3 id="m7">infoColeTest.ComentarioTest#createComments</h3><table class="result"></table><p class="totop"><a href="#summary">back to summary</a></p><h3 id="m8">infoColeTest.ComentarioTest#createNews</h3><table class="result"></table><p class="totop"><a href="#summary">back to summary</a></p><h3 id="m9">infoColeTest.ComentarioTest#deleteUser</h3><table class="result"></table><p class="totop"><a href="#summary">back to summary</a></p><h2>FirefoxTest</h2><h3 id="m10">infoColeTest.ComentarioTest#deleteComment</h3><table class="result"><tr><th>Exception</th></tr><tr><td><div class="stacktrace">java.lang.AssertionError: expected [usuario6VDy comentario de prueba Editado] but found [usuario6VDy comentario de prueba]
	at infoColeTest.ComentarioTest.deleteComment(ComentarioTest.java:113)
	at java.util.concurrent.ThreadPoolExecutor.runWorker(ThreadPoolExecutor.java:1149)
	at java.util.concurrent.ThreadPoolExecutor$Worker.run(ThreadPoolExecutor.java:624)
	at java.lang.Thread.run(Thread.java:748)
... Removed 16 stack frames</div></td></tr></table><p class="totop"><a href="#summary">back to summary</a></p><h3 id="m11">infoColeTest.ComentarioTest#authenticationAdmin</h3><table class="result"></table><p class="totop"><a href="#summary">back to summary</a></p><h3 id="m12">infoColeTest.ComentarioTest#authenticationUser</h3><table class="result"></table><p class="totop"><a href="#summary">back to summary</a></p><h3 id="m13">infoColeTest.ComentarioTest#authenticationUserWithoutEmail</h3><table class="result"></table><p class="totop"><a href="#summary">back to summary</a></p><h3 id="m14">infoColeTest.ComentarioTest#authenticationUserWithoutUserName</h3><table class="result"></table><p class="totop"><a href="#summary">back to summary</a></p><h3 id="m15">infoColeTest.ComentarioTest#createComments</h3><table class="result"></table><p class="totop"><a href="#summary">back to summary</a></p><h3 id="m16">infoColeTest.ComentarioTest#createNews</h3><table class="result"></table><p class="totop"><a href="#summary">back to summary</a></p><h3 id="m17">infoColeTest.ComentarioTest#deleteUser</h3><table class="result"></table><p class="totop"><a href="#summary">back to summary</a></p><h3 id="m18">infoColeTest.ComentarioTest#editComment</h3><table class="result"></table><p class="totop"><a href="#summary">back to summary</a></p><h3 id="m19">infoColeTest.ComentarioTest#editNews</h3><table class="result"></table><p class="totop"><a href="#summary">back to summary</a></p></body></html>