<?xml version="1.0" encoding="UTF-8"?>
<testng-results skipped="2" failed="1" ignored="0" total="10" passed="7">
  <reporter-output>
  </reporter-output>
  <suite name="Default suite" duration-ms="1234965" started-at="2018-12-12T06:01:47Z" finished-at="2018-12-12T06:22:22Z">
    <groups>
    </groups>
    <test name="Default test" duration-ms="1234965" started-at="2018-12-12T06:01:47Z" finished-at="2018-12-12T06:22:22Z">
      <class name="infoColeTest.ComentarioTest">
        <test-method status="PASS" signature="getDriver()[pri:0, instance:infoColeTest.ComentarioTest@59f99ea]" name="getDriver" is-config="true" duration-ms="3951" started-at="2018-12-12T03:01:44Z" finished-at="2018-12-12T03:01:47Z">
          <reporter-output>
          </reporter-output>
        </test-method> <!-- getDriver -->
        <test-method status="PASS" signature="abrirNavegador()[pri:0, instance:infoColeTest.ComentarioTest@59f99ea]" name="abrirNavegador" is-config="true" duration-ms="74944" started-at="2018-12-12T03:01:48Z" finished-at="2018-12-12T03:03:03Z">
          <reporter-output>
          </reporter-output>
        </test-method> <!-- abrirNavegador -->
        <test-method status="PASS" signature="authenticationAdmin()[pri:0, instance:infoColeTest.ComentarioTest@59f99ea]" name="authenticationAdmin" duration-ms="216967" started-at="2018-12-12T03:03:03Z" finished-at="2018-12-12T03:06:39Z">
          <reporter-output>
          </reporter-output>
        </test-method> <!-- authenticationAdmin -->
        <test-method status="PASS" signature="cerrarNavegador()[pri:0, instance:infoColeTest.ComentarioTest@59f99ea]" name="cerrarNavegador" is-config="true" duration-ms="14538" started-at="2018-12-12T03:06:39Z" finished-at="2018-12-12T03:06:54Z">
          <reporter-output>
          </reporter-output>
        </test-method> <!-- cerrarNavegador -->
        <test-method status="PASS" signature="abrirNavegador()[pri:0, instance:infoColeTest.ComentarioTest@59f99ea]" name="abrirNavegador" is-config="true" duration-ms="59167" started-at="2018-12-12T03:06:54Z" finished-at="2018-12-12T03:07:53Z">
          <reporter-output>
          </reporter-output>
        </test-method> <!-- abrirNavegador -->
        <test-method status="PASS" signature="authenticationUser()[pri:0, instance:infoColeTest.ComentarioTest@59f99ea]" name="authenticationUser" duration-ms="157751" started-at="2018-12-12T03:07:53Z" finished-at="2018-12-12T03:10:31Z">
          <reporter-output>
          </reporter-output>
        </test-method> <!-- authenticationUser -->
        <test-method status="PASS" signature="cerrarNavegador()[pri:0, instance:infoColeTest.ComentarioTest@59f99ea]" name="cerrarNavegador" is-config="true" duration-ms="9499" started-at="2018-12-12T03:10:31Z" finished-at="2018-12-12T03:10:40Z">
          <reporter-output>
          </reporter-output>
        </test-method> <!-- cerrarNavegador -->
        <test-method status="PASS" signature="abrirNavegador()[pri:0, instance:infoColeTest.ComentarioTest@59f99ea]" name="abrirNavegador" is-config="true" duration-ms="55855" started-at="2018-12-12T03:10:40Z" finished-at="2018-12-12T03:11:36Z">
          <reporter-output>
          </reporter-output>
        </test-method> <!-- abrirNavegador -->
        <test-method status="PASS" signature="authenticationUserWithoutEmail()[pri:0, instance:infoColeTest.ComentarioTest@59f99ea]" name="authenticationUserWithoutEmail" duration-ms="15075" started-at="2018-12-12T03:11:36Z" finished-at="2018-12-12T03:11:51Z">
          <reporter-output>
          </reporter-output>
        </test-method> <!-- authenticationUserWithoutEmail -->
        <test-method status="PASS" signature="cerrarNavegador()[pri:0, instance:infoColeTest.ComentarioTest@59f99ea]" name="cerrarNavegador" is-config="true" duration-ms="5661" started-at="2018-12-12T03:11:51Z" finished-at="2018-12-12T03:11:57Z">
          <reporter-output>
          </reporter-output>
        </test-method> <!-- cerrarNavegador -->
        <test-method status="PASS" signature="abrirNavegador()[pri:0, instance:infoColeTest.ComentarioTest@59f99ea]" name="abrirNavegador" is-config="true" duration-ms="54849" started-at="2018-12-12T03:11:57Z" finished-at="2018-12-12T03:12:52Z">
          <reporter-output>
          </reporter-output>
        </test-method> <!-- abrirNavegador -->
        <test-method status="PASS" signature="authenticationUserWithoutUserName()[pri:0, instance:infoColeTest.ComentarioTest@59f99ea]" name="authenticationUserWithoutUserName" duration-ms="14379" started-at="2018-12-12T03:12:52Z" finished-at="2018-12-12T03:13:06Z">
          <reporter-output>
          </reporter-output>
        </test-method> <!-- authenticationUserWithoutUserName -->
        <test-method status="PASS" signature="cerrarNavegador()[pri:0, instance:infoColeTest.ComentarioTest@59f99ea]" name="cerrarNavegador" is-config="true" duration-ms="3007" started-at="2018-12-12T03:13:06Z" finished-at="2018-12-12T03:13:09Z">
          <reporter-output>
          </reporter-output>
        </test-method> <!-- cerrarNavegador -->
        <test-method status="PASS" signature="abrirNavegador()[pri:0, instance:infoColeTest.ComentarioTest@59f99ea]" name="abrirNavegador" is-config="true" duration-ms="71202" started-at="2018-12-12T03:13:09Z" finished-at="2018-12-12T03:14:21Z">
          <reporter-output>
          </reporter-output>
        </test-method> <!-- abrirNavegador -->
        <test-method status="FAIL" signature="createComments()[pri:0, instance:infoColeTest.ComentarioTest@59f99ea]" name="createComments" duration-ms="62575" started-at="2018-12-12T03:14:21Z" depends-on-methods="infoColeTest.ComentarioTest.authenticationUser" finished-at="2018-12-12T03:15:23Z">
          <exception class="java.lang.AssertionError">
            <message>
              <![CDATA[expected [usuariok8mE comentario de prueba] but found [usuario1Itg comentario de prueba]]]>
            </message>
            <full-stacktrace>
              <![CDATA[java.lang.AssertionError: expected [usuariok8mE comentario de prueba] but found [usuario1Itg comentario de prueba]
	at org.testng.Assert.fail(Assert.java:93)
	at org.testng.Assert.failNotEquals(Assert.java:512)
	at org.testng.Assert.assertEqualsImpl(Assert.java:134)
	at org.testng.Assert.assertEquals(Assert.java:115)
	at org.testng.Assert.assertEquals(Assert.java:189)
	at org.testng.Assert.assertEquals(Assert.java:199)
	at infoColeTest.ComentarioTest.createComments(ComentarioTest.java:85)
	at sun.reflect.NativeMethodAccessorImpl.invoke0(Native Method)
	at sun.reflect.NativeMethodAccessorImpl.invoke(NativeMethodAccessorImpl.java:62)
	at sun.reflect.DelegatingMethodAccessorImpl.invoke(DelegatingMethodAccessorImpl.java:43)
	at java.lang.reflect.Method.invoke(Method.java:498)
	at org.testng.internal.MethodInvocationHelper.invokeMethod(MethodInvocationHelper.java:108)
	at org.testng.internal.Invoker.invokeMethod(Invoker.java:661)
	at org.testng.internal.Invoker.invokeTestMethod(Invoker.java:869)
	at org.testng.internal.Invoker.invokeTestMethods(Invoker.java:1193)
	at org.testng.internal.TestMethodWorker.invokeTestMethods(TestMethodWorker.java:126)
	at org.testng.internal.TestMethodWorker.run(TestMethodWorker.java:109)
	at org.testng.TestRunner.privateRun(TestRunner.java:744)
	at org.testng.TestRunner.run(TestRunner.java:602)
	at org.testng.SuiteRunner.runTest(SuiteRunner.java:380)
	at org.testng.SuiteRunner.runSequentially(SuiteRunner.java:375)
	at org.testng.SuiteRunner.privateRun(SuiteRunner.java:340)
	at org.testng.SuiteRunner.run(SuiteRunner.java:289)
	at org.testng.SuiteRunnerWorker.runSuite(SuiteRunnerWorker.java:52)
	at org.testng.SuiteRunnerWorker.run(SuiteRunnerWorker.java:86)
	at org.testng.TestNG.runSuitesSequentially(TestNG.java:1301)
	at org.testng.TestNG.runSuitesLocally(TestNG.java:1226)
	at org.testng.TestNG.runSuites(TestNG.java:1144)
	at org.testng.TestNG.run(TestNG.java:1115)
	at org.testng.remote.AbstractRemoteTestNG.run(AbstractRemoteTestNG.java:114)
	at org.testng.remote.RemoteTestNG.initAndRun(RemoteTestNG.java:251)
	at org.testng.remote.RemoteTestNG.main(RemoteTestNG.java:77)
]]>
            </full-stacktrace>
          </exception> <!-- java.lang.AssertionError -->
          <reporter-output>
          </reporter-output>
        </test-method> <!-- createComments -->
        <test-method status="PASS" signature="cerrarNavegador()[pri:0, instance:infoColeTest.ComentarioTest@59f99ea]" name="cerrarNavegador" is-config="true" duration-ms="2444" started-at="2018-12-12T03:15:23Z" finished-at="2018-12-12T03:15:26Z">
          <reporter-output>
          </reporter-output>
        </test-method> <!-- cerrarNavegador -->
        <test-method status="PASS" signature="abrirNavegador()[pri:0, instance:infoColeTest.ComentarioTest@59f99ea]" name="abrirNavegador" is-config="true" duration-ms="63608" started-at="2018-12-12T03:15:26Z" finished-at="2018-12-12T03:16:29Z">
          <reporter-output>
          </reporter-output>
        </test-method> <!-- abrirNavegador -->
        <test-method status="PASS" signature="createNews()[pri:0, instance:infoColeTest.ComentarioTest@59f99ea]" name="createNews" duration-ms="72052" started-at="2018-12-12T03:16:29Z" depends-on-methods="infoColeTest.ComentarioTest.authenticationAdmin" finished-at="2018-12-12T03:17:41Z">
          <reporter-output>
          </reporter-output>
        </test-method> <!-- createNews -->
        <test-method status="PASS" signature="cerrarNavegador()[pri:0, instance:infoColeTest.ComentarioTest@59f99ea]" name="cerrarNavegador" is-config="true" duration-ms="4620" started-at="2018-12-12T03:17:41Z" finished-at="2018-12-12T03:17:46Z">
          <reporter-output>
          </reporter-output>
        </test-method> <!-- cerrarNavegador -->
        <test-method status="PASS" signature="abrirNavegador()[pri:0, instance:infoColeTest.ComentarioTest@59f99ea]" name="abrirNavegador" is-config="true" duration-ms="77005" started-at="2018-12-12T03:17:46Z" finished-at="2018-12-12T03:19:03Z">
          <reporter-output>
          </reporter-output>
        </test-method> <!-- abrirNavegador -->
        <test-method status="PASS" signature="deleteUser()[pri:0, instance:infoColeTest.ComentarioTest@59f99ea]" name="deleteUser" duration-ms="45369" started-at="2018-12-12T03:19:03Z" depends-on-methods="infoColeTest.ComentarioTest.authenticationAdmin" finished-at="2018-12-12T03:19:48Z">
          <reporter-output>
          </reporter-output>
        </test-method> <!-- deleteUser -->
        <test-method status="PASS" signature="cerrarNavegador()[pri:0, instance:infoColeTest.ComentarioTest@59f99ea]" name="cerrarNavegador" is-config="true" duration-ms="2301" started-at="2018-12-12T03:19:48Z" finished-at="2018-12-12T03:19:51Z">
          <reporter-output>
          </reporter-output>
        </test-method> <!-- cerrarNavegador -->
        <test-method status="SKIP" signature="deleteComment()[pri:0, instance:infoColeTest.ComentarioTest@59f99ea]" name="deleteComment" duration-ms="0" started-at="2018-12-12T03:19:51Z" depends-on-methods="infoColeTest.ComentarioTest.createComments" finished-at="2018-12-12T03:19:51Z">
          <exception class="java.lang.Throwable">
            <message>
              <![CDATA[Method ComentarioTest.deleteComment()[pri:0, instance:infoColeTest.ComentarioTest@59f99ea] depends on not successfully finished methods]]>
            </message>
            <full-stacktrace>
              <![CDATA[java.lang.Throwable: Method ComentarioTest.deleteComment()[pri:0, instance:infoColeTest.ComentarioTest@59f99ea] depends on not successfully finished methods
	at org.testng.internal.Invoker.invokeTestMethods(Invoker.java:1084)
	at org.testng.internal.TestMethodWorker.invokeTestMethods(TestMethodWorker.java:126)
	at org.testng.internal.TestMethodWorker.run(TestMethodWorker.java:109)
	at org.testng.TestRunner.privateRun(TestRunner.java:744)
	at org.testng.TestRunner.run(TestRunner.java:602)
	at org.testng.SuiteRunner.runTest(SuiteRunner.java:380)
	at org.testng.SuiteRunner.runSequentially(SuiteRunner.java:375)
	at org.testng.SuiteRunner.privateRun(SuiteRunner.java:340)
	at org.testng.SuiteRunner.run(SuiteRunner.java:289)
	at org.testng.SuiteRunnerWorker.runSuite(SuiteRunnerWorker.java:52)
	at org.testng.SuiteRunnerWorker.run(SuiteRunnerWorker.java:86)
	at org.testng.TestNG.runSuitesSequentially(TestNG.java:1301)
	at org.testng.TestNG.runSuitesLocally(TestNG.java:1226)
	at org.testng.TestNG.runSuites(TestNG.java:1144)
	at org.testng.TestNG.run(TestNG.java:1115)
	at org.testng.remote.AbstractRemoteTestNG.run(AbstractRemoteTestNG.java:114)
	at org.testng.remote.RemoteTestNG.initAndRun(RemoteTestNG.java:251)
	at org.testng.remote.RemoteTestNG.main(RemoteTestNG.java:77)
]]>
            </full-stacktrace>
          </exception> <!-- java.lang.Throwable -->
          <reporter-output>
          </reporter-output>
        </test-method> <!-- deleteComment -->
        <test-method status="SKIP" signature="editComment()[pri:0, instance:infoColeTest.ComentarioTest@59f99ea]" name="editComment" duration-ms="0" started-at="2018-12-12T03:19:51Z" depends-on-methods="infoColeTest.ComentarioTest.createComments" finished-at="2018-12-12T03:19:51Z">
          <exception class="java.lang.Throwable">
            <message>
              <![CDATA[Method ComentarioTest.editComment()[pri:0, instance:infoColeTest.ComentarioTest@59f99ea] depends on not successfully finished methods]]>
            </message>
            <full-stacktrace>
              <![CDATA[java.lang.Throwable: Method ComentarioTest.editComment()[pri:0, instance:infoColeTest.ComentarioTest@59f99ea] depends on not successfully finished methods
	at org.testng.internal.Invoker.invokeTestMethods(Invoker.java:1084)
	at org.testng.internal.TestMethodWorker.invokeTestMethods(TestMethodWorker.java:126)
	at org.testng.internal.TestMethodWorker.run(TestMethodWorker.java:109)
	at org.testng.TestRunner.privateRun(TestRunner.java:744)
	at org.testng.TestRunner.run(TestRunner.java:602)
	at org.testng.SuiteRunner.runTest(SuiteRunner.java:380)
	at org.testng.SuiteRunner.runSequentially(SuiteRunner.java:375)
	at org.testng.SuiteRunner.privateRun(SuiteRunner.java:340)
	at org.testng.SuiteRunner.run(SuiteRunner.java:289)
	at org.testng.SuiteRunnerWorker.runSuite(SuiteRunnerWorker.java:52)
	at org.testng.SuiteRunnerWorker.run(SuiteRunnerWorker.java:86)
	at org.testng.TestNG.runSuitesSequentially(TestNG.java:1301)
	at org.testng.TestNG.runSuitesLocally(TestNG.java:1226)
	at org.testng.TestNG.runSuites(TestNG.java:1144)
	at org.testng.TestNG.run(TestNG.java:1115)
	at org.testng.remote.AbstractRemoteTestNG.run(AbstractRemoteTestNG.java:114)
	at org.testng.remote.RemoteTestNG.initAndRun(RemoteTestNG.java:251)
	at org.testng.remote.RemoteTestNG.main(RemoteTestNG.java:77)
]]>
            </full-stacktrace>
          </exception> <!-- java.lang.Throwable -->
          <reporter-output>
          </reporter-output>
        </test-method> <!-- editComment -->
        <test-method status="PASS" signature="abrirNavegador()[pri:0, instance:infoColeTest.ComentarioTest@59f99ea]" name="abrirNavegador" is-config="true" duration-ms="57241" started-at="2018-12-12T03:19:51Z" finished-at="2018-12-12T03:20:48Z">
          <reporter-output>
          </reporter-output>
        </test-method> <!-- abrirNavegador -->
        <test-method status="PASS" signature="editNews()[pri:0, instance:infoColeTest.ComentarioTest@59f99ea]" name="editNews" duration-ms="92663" started-at="2018-12-12T03:20:48Z" depends-on-methods="infoColeTest.ComentarioTest.createNews" finished-at="2018-12-12T03:22:20Z">
          <reporter-output>
          </reporter-output>
        </test-method> <!-- editNews -->
        <test-method status="PASS" signature="cerrarNavegador()[pri:0, instance:infoColeTest.ComentarioTest@59f99ea]" name="cerrarNavegador" is-config="true" duration-ms="1927" started-at="2018-12-12T03:22:20Z" finished-at="2018-12-12T03:22:22Z">
          <reporter-output>
          </reporter-output>
        </test-method> <!-- cerrarNavegador -->
      </class> <!-- infoColeTest.ComentarioTest -->
    </test> <!-- Default test -->
  </suite> <!-- Default suite -->
</testng-results>
