<html>
<head>
<title>TestNG:  FirefoxTest</title>
<link href="../testng.css" rel="stylesheet" type="text/css" />
<link href="../my-testng.css" rel="stylesheet" type="text/css" />

<style type="text/css">
.log { display: none;} 
.stack-trace { display: none;} 
</style>
<script type="text/javascript">
<!--
function flip(e) {
  current = e.style.display;
  if (current == 'block') {
    e.style.display = 'none';
    return 0;
  }
  else {
    e.style.display = 'block';
    return 1;
  }
}

function toggleBox(szDivId, elem, msg1, msg2)
{
  var res = -1;  if (document.getElementById) {
    res = flip(document.getElementById(szDivId));
  }
  else if (document.all) {
    // this is the way old msie versions work
    res = flip(document.all[szDivId]);
  }
  if(elem) {
    if(res == 0) elem.innerHTML = msg1; else elem.innerHTML = msg2;
  }

}

function toggleAllBoxes() {
  if (document.getElementsByTagName) {
    d = document.getElementsByTagName('div');
    for (i = 0; i < d.length; i++) {
      if (d[i].className == 'log') {
        flip(d[i]);
      }
    }
  }
}

// -->
</script>

</head>
<body>
<h2 align='center'>FirefoxTest</h2><table border='1' align="center">
<tr>
<td>Tests passed/Failed/Skipped:</td><td>9/1/0</td>
</tr><tr>
<td>Started on:</td><td>Mon Dec 17 17:45:44 ART 2018</td>
</tr>
<tr><td>Total time:</td><td>837 seconds (837045 ms)</td>
</tr><tr>
<td>Included groups:</td><td></td>
</tr><tr>
<td>Excluded groups:</td><td></td>
</tr>
</table><p/>
<small><i>(Hover the method name to see the test class name)</i></small><p/>
<table width='100%' border='1' class='invocation-failed'>
<tr><td colspan='4' align='center'><b>FAILED TESTS</b></td></tr>
<tr><td><b>Test method</b></td>
<td width="30%"><b>Exception</b></td>
<td width="10%"><b>Time (seconds)</b></td>
<td><b>Instance</b></td>
</tr>
<tr>
<td title='infoColeTest.ComentarioTest.deleteComment()'><b>deleteComment</b><br>Test class: infoColeTest.ComentarioTest</td>
<td><div><pre>java.lang.AssertionError: expected [usuario6VDy comentario de prueba Editado] but found [usuario6VDy comentario de prueba]
	at infoColeTest.ComentarioTest.deleteComment(ComentarioTest.java:113)
	at java.util.concurrent.ThreadPoolExecutor.runWorker(ThreadPoolExecutor.java:1149)
	at java.util.concurrent.ThreadPoolExecutor$Worker.run(ThreadPoolExecutor.java:624)
	at java.lang.Thread.run(Thread.java:748)
... Removed 16 stack frames</pre></div><a href='#' onClick='toggleBox("stack-trace1605321644", this, "Click to show all stack frames", "Click to hide stack frames")'>Click to show all stack frames</a>
<div class='stack-trace' id='stack-trace1605321644'><pre>java.lang.AssertionError: expected [usuario6VDy comentario de prueba Editado] but found [usuario6VDy comentario de prueba]
	at org.testng.Assert.fail(Assert.java:93)
	at org.testng.Assert.failNotEquals(Assert.java:512)
	at org.testng.Assert.assertEqualsImpl(Assert.java:134)
	at org.testng.Assert.assertEquals(Assert.java:115)
	at org.testng.Assert.assertEquals(Assert.java:189)
	at org.testng.Assert.assertEquals(Assert.java:199)
	at infoColeTest.ComentarioTest.deleteComment(ComentarioTest.java:113)
	at sun.reflect.NativeMethodAccessorImpl.invoke0(Native Method)
	at sun.reflect.NativeMethodAccessorImpl.invoke(NativeMethodAccessorImpl.java:62)
	at sun.reflect.DelegatingMethodAccessorImpl.invoke(DelegatingMethodAccessorImpl.java:43)
	at java.lang.reflect.Method.invoke(Method.java:498)
	at org.testng.internal.MethodInvocationHelper.invokeMethod(MethodInvocationHelper.java:108)
	at org.testng.internal.Invoker.invokeMethod(Invoker.java:661)
	at org.testng.internal.Invoker.invokeTestMethod(Invoker.java:869)
	at org.testng.internal.Invoker.invokeTestMethods(Invoker.java:1193)
	at org.testng.internal.TestMethodWorker.invokeTestMethods(TestMethodWorker.java:126)
	at org.testng.internal.TestMethodWorker.run(TestMethodWorker.java:109)
	at java.util.concurrent.ThreadPoolExecutor.runWorker(ThreadPoolExecutor.java:1149)
	at java.util.concurrent.ThreadPoolExecutor$Worker.run(ThreadPoolExecutor.java:624)
	at java.lang.Thread.run(Thread.java:748)
</pre></div></td>
<td>7</td>
<td>infoColeTest.ComentarioTest@6eebc39e</td></tr>
</table><p>
<table width='100%' border='1' class='invocation-passed'>
<tr><td colspan='4' align='center'><b>PASSED TESTS</b></td></tr>
<tr><td><b>Test method</b></td>
<td width="30%"><b>Exception</b></td>
<td width="10%"><b>Time (seconds)</b></td>
<td><b>Instance</b></td>
</tr>
<tr>
<td title='infoColeTest.ComentarioTest.authenticationAdmin()'><b>authenticationAdmin</b><br>Test class: infoColeTest.ComentarioTest</td>
<td></td>
<td>10</td>
<td>infoColeTest.ComentarioTest@6eebc39e</td></tr>
<tr>
<td title='infoColeTest.ComentarioTest.authenticationUser()'><b>authenticationUser</b><br>Test class: infoColeTest.ComentarioTest</td>
<td></td>
<td>9</td>
<td>infoColeTest.ComentarioTest@6eebc39e</td></tr>
<tr>
<td title='infoColeTest.ComentarioTest.authenticationUserWithoutEmail()'><b>authenticationUserWithoutEmail</b><br>Test class: infoColeTest.ComentarioTest</td>
<td></td>
<td>2</td>
<td>infoColeTest.ComentarioTest@6eebc39e</td></tr>
<tr>
<td title='infoColeTest.ComentarioTest.authenticationUserWithoutUserName()'><b>authenticationUserWithoutUserName</b><br>Test class: infoColeTest.ComentarioTest</td>
<td></td>
<td>2</td>
<td>infoColeTest.ComentarioTest@6eebc39e</td></tr>
<tr>
<td title='infoColeTest.ComentarioTest.createComments()'><b>createComments</b><br>Test class: infoColeTest.ComentarioTest</td>
<td></td>
<td>13</td>
<td>infoColeTest.ComentarioTest@6eebc39e</td></tr>
<tr>
<td title='infoColeTest.ComentarioTest.createNews()'><b>createNews</b><br>Test class: infoColeTest.ComentarioTest</td>
<td></td>
<td>15</td>
<td>infoColeTest.ComentarioTest@6eebc39e</td></tr>
<tr>
<td title='infoColeTest.ComentarioTest.deleteUser()'><b>deleteUser</b><br>Test class: infoColeTest.ComentarioTest</td>
<td></td>
<td>6</td>
<td>infoColeTest.ComentarioTest@6eebc39e</td></tr>
<tr>
<td title='infoColeTest.ComentarioTest.editComment()'><b>editComment</b><br>Test class: infoColeTest.ComentarioTest</td>
<td></td>
<td>14</td>
<td>infoColeTest.ComentarioTest@6eebc39e</td></tr>
<tr>
<td title='infoColeTest.ComentarioTest.editNews()'><b>editNews</b><br>Test class: infoColeTest.ComentarioTest</td>
<td></td>
<td>15</td>
<td>infoColeTest.ComentarioTest@6eebc39e</td></tr>
</table><p>
</body>
</html>